<?xml version="1.0" encoding="UTF-8"?>
<testsuite xmlns:xsi="http://www.w3.org/2001/XMLSchema-instance" xsi:noNamespaceSchemaLocation="https://maven.apache.org/surefire/maven-surefire-plugin/xsd/surefire-test-report.xsd" name="salesken.org.controller.ControllerApplicationTests" time="7.914" tests="1" errors="0" skipped="0" failures="0">
  <properties>
    <property name="java.specification.version" value="17"/>
    <property name="sun.jnu.encoding" value="UTF-8"/>
    <property name="java.class.path" value="/Users/salesken/SaleskenProjects/tata-controller/target/test-classes:/Users/salesken/SaleskenProjects/tata-controller/target/classes:/Users/salesken/.m2/repository/org/springframework/boot/spring-boot-starter-web/2.7.0/spring-boot-starter-web-2.7.0.jar:/Users/salesken/.m2/repository/org/springframework/boot/spring-boot-starter/2.7.0/spring-boot-starter-2.7.0.jar:/Users/salesken/.m2/repository/org/springframework/boot/spring-boot/2.7.0/spring-boot-2.7.0.jar:/Users/salesken/.m2/repository/org/springframework/boot/spring-boot-autoconfigure/2.7.0/spring-boot-autoconfigure-2.7.0.jar:/Users/salesken/.m2/repository/org/springframework/boot/spring-boot-starter-logging/2.7.0/spring-boot-starter-logging-2.7.0.jar:/Users/salesken/.m2/repository/ch/qos/logback/logback-classic/1.2.11/logback-classic-1.2.11.jar:/Users/salesken/.m2/repository/ch/qos/logback/logback-core/1.2.11/logback-core-1.2.11.jar:/Users/salesken/.m2/repository/org/apache/logging/log4j/log4j-to-slf4j/2.17.2/log4j-to-slf4j-2.17.2.jar:/Users/salesken/.m2/repository/org/slf4j/jul-to-slf4j/1.7.36/jul-to-slf4j-1.7.36.jar:/Users/salesken/.m2/repository/jakarta/annotation/jakarta.annotation-api/1.3.5/jakarta.annotation-api-1.3.5.jar:/Users/salesken/.m2/repository/org/yaml/snakeyaml/1.30/snakeyaml-1.30.jar:/Users/salesken/.m2/repository/org/springframework/boot/spring-boot-starter-json/2.7.0/spring-boot-starter-json-2.7.0.jar:/Users/salesken/.m2/repository/com/fasterxml/jackson/datatype/jackson-datatype-jdk8/2.13.3/jackson-datatype-jdk8-2.13.3.jar:/Users/salesken/.m2/repository/com/fasterxml/jackson/datatype/jackson-datatype-jsr310/2.13.3/jackson-datatype-jsr310-2.13.3.jar:/Users/salesken/.m2/repository/com/fasterxml/jackson/module/jackson-module-parameter-names/2.13.3/jackson-module-parameter-names-2.13.3.jar:/Users/salesken/.m2/repository/org/springframework/boot/spring-boot-starter-tomcat/2.7.0/spring-boot-starter-tomcat-2.7.0.jar:/Users/salesken/.m2/repository/org/apache/tomcat/embed/tomcat-embed-core/9.0.63/tomcat-embed-core-9.0.63.jar:/Users/salesken/.m2/repository/org/apache/tomcat/embed/tomcat-embed-el/9.0.63/tomcat-embed-el-9.0.63.jar:/Users/salesken/.m2/repository/org/apache/tomcat/embed/tomcat-embed-websocket/9.0.63/tomcat-embed-websocket-9.0.63.jar:/Users/salesken/.m2/repository/org/springframework/spring-web/5.3.20/spring-web-5.3.20.jar:/Users/salesken/.m2/repository/org/springframework/spring-beans/5.3.20/spring-beans-5.3.20.jar:/Users/salesken/.m2/repository/org/springframework/spring-webmvc/5.3.20/spring-webmvc-5.3.20.jar:/Users/salesken/.m2/repository/org/springframework/spring-aop/5.3.20/spring-aop-5.3.20.jar:/Users/salesken/.m2/repository/org/springframework/spring-expression/5.3.20/spring-expression-5.3.20.jar:/Users/salesken/.m2/repository/com/google/code/gson/gson/2.9.0/gson-2.9.0.jar:/Users/salesken/.m2/repository/io/github/ari4java/ari4java/0.16.0/ari4java-0.16.0.jar:/Users/salesken/.m2/repository/com/fasterxml/jackson/core/jackson-core/2.13.3/jackson-core-2.13.3.jar:/Users/salesken/.m2/repository/com/fasterxml/jackson/core/jackson-annotations/2.13.3/jackson-annotations-2.13.3.jar:/Users/salesken/.m2/repository/io/netty/netty-all/4.1.77.Final/netty-all-4.1.77.Final.jar:/Users/salesken/.m2/repository/io/netty/netty-buffer/4.1.77.Final/netty-buffer-4.1.77.Final.jar:/Users/salesken/.m2/repository/io/netty/netty-codec/4.1.77.Final/netty-codec-4.1.77.Final.jar:/Users/salesken/.m2/repository/io/netty/netty-codec-dns/4.1.77.Final/netty-codec-dns-4.1.77.Final.jar:/Users/salesken/.m2/repository/io/netty/netty-codec-haproxy/4.1.77.Final/netty-codec-haproxy-4.1.77.Final.jar:/Users/salesken/.m2/repository/io/netty/netty-codec-http/4.1.77.Final/netty-codec-http-4.1.77.Final.jar:/Users/salesken/.m2/repository/io/netty/netty-codec-http2/4.1.77.Final/netty-codec-http2-4.1.77.Final.jar:/Users/salesken/.m2/repository/io/netty/netty-codec-memcache/4.1.77.Final/netty-codec-memcache-4.1.77.Final.jar:/Users/salesken/.m2/repository/io/netty/netty-codec-mqtt/4.1.77.Final/netty-codec-mqtt-4.1.77.Final.jar:/Users/salesken/.m2/repository/io/netty/netty-codec-redis/4.1.77.Final/netty-codec-redis-4.1.77.Final.jar:/Users/salesken/.m2/repository/io/netty/netty-codec-smtp/4.1.77.Final/netty-codec-smtp-4.1.77.Final.jar:/Users/salesken/.m2/repository/io/netty/netty-codec-socks/4.1.77.Final/netty-codec-socks-4.1.77.Final.jar:/Users/salesken/.m2/repository/io/netty/netty-codec-stomp/4.1.77.Final/netty-codec-stomp-4.1.77.Final.jar:/Users/salesken/.m2/repository/io/netty/netty-codec-xml/4.1.77.Final/netty-codec-xml-4.1.77.Final.jar:/Users/salesken/.m2/repository/io/netty/netty-common/4.1.77.Final/netty-common-4.1.77.Final.jar:/Users/salesken/.m2/repository/io/netty/netty-handler/4.1.77.Final/netty-handler-4.1.77.Final.jar:/Users/salesken/.m2/repository/io/netty/netty-handler-proxy/4.1.77.Final/netty-handler-proxy-4.1.77.Final.jar:/Users/salesken/.m2/repository/io/netty/netty-resolver/4.1.77.Final/netty-resolver-4.1.77.Final.jar:/Users/salesken/.m2/repository/io/netty/netty-resolver-dns/4.1.77.Final/netty-resolver-dns-4.1.77.Final.jar:/Users/salesken/.m2/repository/io/netty/netty-transport/4.1.77.Final/netty-transport-4.1.77.Final.jar:/Users/salesken/.m2/repository/io/netty/netty-transport-rxtx/4.1.77.Final/netty-transport-rxtx-4.1.77.Final.jar:/Users/salesken/.m2/repository/io/netty/netty-transport-sctp/4.1.77.Final/netty-transport-sctp-4.1.77.Final.jar:/Users/salesken/.m2/repository/io/netty/netty-transport-udt/4.1.77.Final/netty-transport-udt-4.1.77.Final.jar:/Users/salesken/.m2/repository/io/netty/netty-transport-classes-epoll/4.1.77.Final/netty-transport-classes-epoll-4.1.77.Final.jar:/Users/salesken/.m2/repository/io/netty/netty-transport-native-unix-common/4.1.77.Final/netty-transport-native-unix-common-4.1.77.Final.jar:/Users/salesken/.m2/repository/io/netty/netty-transport-classes-kqueue/4.1.77.Final/netty-transport-classes-kqueue-4.1.77.Final.jar:/Users/salesken/.m2/repository/io/netty/netty-resolver-dns-classes-macos/4.1.77.Final/netty-resolver-dns-classes-macos-4.1.77.Final.jar:/Users/salesken/.m2/repository/io/netty/netty-transport-native-epoll/4.1.77.Final/netty-transport-native-epoll-4.1.77.Final-linux-x86_64.jar:/Users/salesken/.m2/repository/io/netty/netty-transport-native-epoll/4.1.77.Final/netty-transport-native-epoll-4.1.77.Final-linux-aarch_64.jar:/Users/salesken/.m2/repository/io/netty/netty-transport-native-kqueue/4.1.77.Final/netty-transport-native-kqueue-4.1.77.Final-osx-x86_64.jar:/Users/salesken/.m2/repository/io/netty/netty-transport-native-kqueue/4.1.77.Final/netty-transport-native-kqueue-4.1.77.Final-osx-aarch_64.jar:/Users/salesken/.m2/repository/io/netty/netty-resolver-dns-native-macos/4.1.77.Final/netty-resolver-dns-native-macos-4.1.77.Final-osx-x86_64.jar:/Users/salesken/.m2/repository/io/netty/netty-resolver-dns-native-macos/4.1.77.Final/netty-resolver-dns-native-macos-4.1.77.Final-osx-aarch_64.jar:/Users/salesken/.m2/repository/javax/xml/bind/jaxb-api/2.3.1/jaxb-api-2.3.1.jar:/Users/salesken/.m2/repository/javax/activation/javax.activation-api/1.2.0/javax.activation-api-1.2.0.jar:/Users/salesken/.m2/repository/org/slf4j/slf4j-api/1.7.36/slf4j-api-1.7.36.jar:/Users/salesken/.m2/repository/com/google/guava/guava/31.0.1-jre/guava-31.0.1-jre.jar:/Users/salesken/.m2/repository/com/google/guava/failureaccess/1.0.1/failureaccess-1.0.1.jar:/Users/salesken/.m2/repository/com/google/guava/listenablefuture/9999.0-empty-to-avoid-conflict-with-guava/listenablefuture-9999.0-empty-to-avoid-conflict-with-guava.jar:/Users/salesken/.m2/repository/com/google/code/findbugs/jsr305/3.0.2/jsr305-3.0.2.jar:/Users/salesken/.m2/repository/org/checkerframework/checker-qual/3.12.0/checker-qual-3.12.0.jar:/Users/salesken/.m2/repository/com/google/errorprone/error_prone_annotations/2.7.1/error_prone_annotations-2.7.1.jar:/Users/salesken/.m2/repository/com/google/j2objc/j2objc-annotations/1.3/j2objc-annotations-1.3.jar:/Users/salesken/.m2/repository/org/springframework/statemachine/spring-statemachine-core/2.2.3.RELEASE/spring-statemachine-core-2.2.3.RELEASE.jar:/Users/salesken/.m2/repository/org/springframework/spring-tx/5.3.20/spring-tx-5.3.20.jar:/Users/salesken/.m2/repository/org/springframework/spring-messaging/5.3.20/spring-messaging-5.3.20.jar:/Users/salesken/.m2/repository/org/projectlombok/lombok/1.18.24/lombok-1.18.24.jar:/Users/salesken/.m2/repository/org/springframework/boot/spring-boot-starter-test/2.7.0/spring-boot-starter-test-2.7.0.jar:/Users/salesken/.m2/repository/org/springframework/boot/spring-boot-test/2.7.0/spring-boot-test-2.7.0.jar:/Users/salesken/.m2/repository/org/springframework/boot/spring-boot-test-autoconfigure/2.7.0/spring-boot-test-autoconfigure-2.7.0.jar:/Users/salesken/.m2/repository/com/jayway/jsonpath/json-path/2.7.0/json-path-2.7.0.jar:/Users/salesken/.m2/repository/net/minidev/json-smart/2.4.8/json-smart-2.4.8.jar:/Users/salesken/.m2/repository/net/minidev/accessors-smart/2.4.8/accessors-smart-2.4.8.jar:/Users/salesken/.m2/repository/org/ow2/asm/asm/9.1/asm-9.1.jar:/Users/salesken/.m2/repository/jakarta/xml/bind/jakarta.xml.bind-api/2.3.3/jakarta.xml.bind-api-2.3.3.jar:/Users/salesken/.m2/repository/jakarta/activation/jakarta.activation-api/1.2.2/jakarta.activation-api-1.2.2.jar:/Users/salesken/.m2/repository/org/assertj/assertj-core/3.22.0/assertj-core-3.22.0.jar:/Users/salesken/.m2/repository/org/hamcrest/hamcrest/2.2/hamcrest-2.2.jar:/Users/salesken/.m2/repository/org/junit/jupiter/junit-jupiter/5.8.2/junit-jupiter-5.8.2.jar:/Users/salesken/.m2/repository/org/junit/jupiter/junit-jupiter-api/5.8.2/junit-jupiter-api-5.8.2.jar:/Users/salesken/.m2/repository/org/opentest4j/opentest4j/1.2.0/opentest4j-1.2.0.jar:/Users/salesken/.m2/repository/org/junit/platform/junit-platform-commons/1.8.2/junit-platform-commons-1.8.2.jar:/Users/salesken/.m2/repository/org/apiguardian/apiguardian-api/1.1.2/apiguardian-api-1.1.2.jar:/Users/salesken/.m2/repository/org/junit/jupiter/junit-jupiter-params/5.8.2/junit-jupiter-params-5.8.2.jar:/Users/salesken/.m2/repository/org/junit/jupiter/junit-jupiter-engine/5.8.2/junit-jupiter-engine-5.8.2.jar:/Users/salesken/.m2/repository/org/junit/platform/junit-platform-engine/1.8.2/junit-platform-engine-1.8.2.jar:/Users/salesken/.m2/repository/org/mockito/mockito-core/4.5.1/mockito-core-4.5.1.jar:/Users/salesken/.m2/repository/net/bytebuddy/byte-buddy/1.12.10/byte-buddy-1.12.10.jar:/Users/salesken/.m2/repository/net/bytebuddy/byte-buddy-agent/1.12.10/byte-buddy-agent-1.12.10.jar:/Users/salesken/.m2/repository/org/objenesis/objenesis/3.2/objenesis-3.2.jar:/Users/salesken/.m2/repository/org/mockito/mockito-junit-jupiter/4.5.1/mockito-junit-jupiter-4.5.1.jar:/Users/salesken/.m2/repository/org/skyscreamer/jsonassert/1.5.0/jsonassert-1.5.0.jar:/Users/salesken/.m2/repository/com/vaadin/external/google/android-json/0.0.20131108.vaadin1/android-json-0.0.20131108.vaadin1.jar:/Users/salesken/.m2/repository/org/springframework/spring-core/5.3.20/spring-core-5.3.20.jar:/Users/salesken/.m2/repository/org/springframework/spring-jcl/5.3.20/spring-jcl-5.3.20.jar:/Users/salesken/.m2/repository/org/springframework/spring-test/5.3.20/spring-test-5.3.20.jar:/Users/salesken/.m2/repository/org/xmlunit/xmlunit-core/2.9.0/xmlunit-core-2.9.0.jar:/Users/salesken/.m2/repository/org/springframework/data/spring-data-elasticsearch/4.4.0/spring-data-elasticsearch-4.4.0.jar:/Users/salesken/.m2/repository/org/springframework/spring-context/5.3.20/spring-context-5.3.20.jar:/Users/salesken/.m2/repository/org/springframework/data/spring-data-commons/2.7.0/spring-data-commons-2.7.0.jar:/Users/salesken/.m2/repository/org/elasticsearch/client/elasticsearch-rest-high-level-client/7.17.3/elasticsearch-rest-high-level-client-7.17.3.jar:/Users/salesken/.m2/repository/org/elasticsearch/elasticsearch/7.17.3/elasticsearch-7.17.3.jar:/Users/salesken/.m2/repository/org/elasticsearch/elasticsearch-core/7.17.3/elasticsearch-core-7.17.3.jar:/Users/salesken/.m2/repository/org/elasticsearch/elasticsearch-secure-sm/7.17.3/elasticsearch-secure-sm-7.17.3.jar:/Users/salesken/.m2/repository/org/elasticsearch/elasticsearch-x-content/7.17.3/elasticsearch-x-content-7.17.3.jar:/Users/salesken/.m2/repository/com/fasterxml/jackson/dataformat/jackson-dataformat-smile/2.13.3/jackson-dataformat-smile-2.13.3.jar:/Users/salesken/.m2/repository/com/fasterxml/jackson/dataformat/jackson-dataformat-yaml/2.13.3/jackson-dataformat-yaml-2.13.3.jar:/Users/salesken/.m2/repository/com/fasterxml/jackson/dataformat/jackson-dataformat-cbor/2.13.3/jackson-dataformat-cbor-2.13.3.jar:/Users/salesken/.m2/repository/org/elasticsearch/elasticsearch-geo/7.17.3/elasticsearch-geo-7.17.3.jar:/Users/salesken/.m2/repository/org/elasticsearch/elasticsearch-lz4/7.17.3/elasticsearch-lz4-7.17.3.jar:/Users/salesken/.m2/repository/org/lz4/lz4-java/1.8.0/lz4-java-1.8.0.jar:/Users/salesken/.m2/repository/org/apache/lucene/lucene-core/8.11.1/lucene-core-8.11.1.jar:/Users/salesken/.m2/repository/org/apache/lucene/lucene-analyzers-common/8.11.1/lucene-analyzers-common-8.11.1.jar:/Users/salesken/.m2/repository/org/apache/lucene/lucene-backward-codecs/8.11.1/lucene-backward-codecs-8.11.1.jar:/Users/salesken/.m2/repository/org/apache/lucene/lucene-grouping/8.11.1/lucene-grouping-8.11.1.jar:/Users/salesken/.m2/repository/org/apache/lucene/lucene-highlighter/8.11.1/lucene-highlighter-8.11.1.jar:/Users/salesken/.m2/repository/org/apache/lucene/lucene-join/8.11.1/lucene-join-8.11.1.jar:/Users/salesken/.m2/repository/org/apache/lucene/lucene-memory/8.11.1/lucene-memory-8.11.1.jar:/Users/salesken/.m2/repository/org/apache/lucene/lucene-misc/8.11.1/lucene-misc-8.11.1.jar:/Users/salesken/.m2/repository/org/apache/lucene/lucene-queries/8.11.1/lucene-queries-8.11.1.jar:/Users/salesken/.m2/repository/org/apache/lucene/lucene-queryparser/8.11.1/lucene-queryparser-8.11.1.jar:/Users/salesken/.m2/repository/org/apache/lucene/lucene-sandbox/8.11.1/lucene-sandbox-8.11.1.jar:/Users/salesken/.m2/repository/org/apache/lucene/lucene-spatial3d/8.11.1/lucene-spatial3d-8.11.1.jar:/Users/salesken/.m2/repository/org/apache/lucene/lucene-suggest/8.11.1/lucene-suggest-8.11.1.jar:/Users/salesken/.m2/repository/org/elasticsearch/elasticsearch-cli/7.17.3/elasticsearch-cli-7.17.3.jar:/Users/salesken/.m2/repository/net/sf/jopt-simple/jopt-simple/5.0.2/jopt-simple-5.0.2.jar:/Users/salesken/.m2/repository/com/carrotsearch/hppc/0.8.1/hppc-0.8.1.jar:/Users/salesken/.m2/repository/joda-time/joda-time/2.10.10/joda-time-2.10.10.jar:/Users/salesken/.m2/repository/com/tdunning/t-digest/3.2/t-digest-3.2.jar:/Users/salesken/.m2/repository/org/hdrhistogram/HdrHistogram/2.1.9/HdrHistogram-2.1.9.jar:/Users/salesken/.m2/repository/org/apache/logging/log4j/log4j-api/2.17.2/log4j-api-2.17.2.jar:/Users/salesken/.m2/repository/net/java/dev/jna/jna/5.10.0/jna-5.10.0.jar:/Users/salesken/.m2/repository/org/elasticsearch/elasticsearch-plugin-classloader/7.17.3/elasticsearch-plugin-classloader-7.17.3.jar:/Users/salesken/.m2/repository/org/elasticsearch/plugin/mapper-extras-client/7.17.3/mapper-extras-client-7.17.3.jar:/Users/salesken/.m2/repository/org/elasticsearch/plugin/parent-join-client/7.17.3/parent-join-client-7.17.3.jar:/Users/salesken/.m2/repository/org/elasticsearch/plugin/aggs-matrix-stats-client/7.17.3/aggs-matrix-stats-client-7.17.3.jar:/Users/salesken/.m2/repository/org/elasticsearch/plugin/rank-eval-client/7.17.3/rank-eval-client-7.17.3.jar:/Users/salesken/.m2/repository/org/elasticsearch/plugin/lang-mustache-client/7.17.3/lang-mustache-client-7.17.3.jar:/Users/salesken/.m2/repository/com/github/spullara/mustache/java/compiler/0.9.6/compiler-0.9.6.jar:/Users/salesken/.m2/repository/co/elastic/clients/elasticsearch-java/7.17.3/elasticsearch-java-7.17.3.jar:/Users/salesken/.m2/repository/jakarta/json/jakarta.json-api/1.1.6/jakarta.json-api-1.1.6.jar:/Users/salesken/.m2/repository/org/eclipse/parsson/parsson/1.0.0/parsson-1.0.0.jar:/Users/salesken/.m2/repository/org/elasticsearch/client/elasticsearch-rest-client/7.17.3/elasticsearch-rest-client-7.17.3.jar:/Users/salesken/.m2/repository/org/apache/httpcomponents/httpclient/4.5.13/httpclient-4.5.13.jar:/Users/salesken/.m2/repository/org/apache/httpcomponents/httpcore/4.4.15/httpcore-4.4.15.jar:/Users/salesken/.m2/repository/org/apache/httpcomponents/httpasyncclient/4.1.5/httpasyncclient-4.1.5.jar:/Users/salesken/.m2/repository/org/apache/httpcomponents/httpcore-nio/4.4.15/httpcore-nio-4.4.15.jar:/Users/salesken/.m2/repository/commons-codec/commons-codec/1.15/commons-codec-1.15.jar:/Users/salesken/.m2/repository/com/fasterxml/jackson/core/jackson-databind/2.12.3/jackson-databind-2.12.3.jar:/Users/salesken/.m2/repository/org/springframework/boot/spring-boot-starter-data-jdbc/2.7.0/spring-boot-starter-data-jdbc-2.7.0.jar:/Users/salesken/.m2/repository/org/springframework/boot/spring-boot-starter-jdbc/2.7.0/spring-boot-starter-jdbc-2.7.0.jar:/Users/salesken/.m2/repository/com/zaxxer/HikariCP/4.0.3/HikariCP-4.0.3.jar:/Users/salesken/.m2/repository/org/springframework/spring-jdbc/5.3.20/spring-jdbc-5.3.20.jar:/Users/salesken/.m2/repository/org/springframework/data/spring-data-jdbc/2.4.0/spring-data-jdbc-2.4.0.jar:/Users/salesken/.m2/repository/org/springframework/data/spring-data-relational/2.4.0/spring-data-relational-2.4.0.jar:/Users/salesken/.m2/repository/org/postgresql/postgresql/42.3.5/postgresql-42.3.5.jar:/Users/salesken/.m2/repository/org/springframework/boot/spring-boot-starter-data-jpa/2.7.0/spring-boot-starter-data-jpa-2.7.0.jar:/Users/salesken/.m2/repository/org/springframework/boot/spring-boot-starter-aop/2.7.0/spring-boot-starter-aop-2.7.0.jar:/Users/salesken/.m2/repository/org/aspectj/aspectjweaver/1.9.7/aspectjweaver-1.9.7.jar:/Users/salesken/.m2/repository/jakarta/transaction/jakarta.transaction-api/1.3.3/jakarta.transaction-api-1.3.3.jar:/Users/salesken/.m2/repository/jakarta/persistence/jakarta.persistence-api/2.2.3/jakarta.persistence-api-2.2.3.jar:/Users/salesken/.m2/repository/org/hibernate/hibernate-core/5.6.9.Final/hibernate-core-5.6.9.Final.jar:/Users/salesken/.m2/repository/org/jboss/logging/jboss-logging/3.4.3.Final/jboss-logging-3.4.3.Final.jar:/Users/salesken/.m2/repository/antlr/antlr/2.7.7/antlr-2.7.7.jar:/Users/salesken/.m2/repository/org/jboss/jandex/2.4.2.Final/jandex-2.4.2.Final.jar:/Users/salesken/.m2/repository/com/fasterxml/classmate/1.5.1/classmate-1.5.1.jar:/Users/salesken/.m2/repository/org/hibernate/common/hibernate-commons-annotations/5.1.2.Final/hibernate-commons-annotations-5.1.2.Final.jar:/Users/salesken/.m2/repository/org/glassfish/jaxb/jaxb-runtime/2.3.6/jaxb-runtime-2.3.6.jar:/Users/salesken/.m2/repository/org/glassfish/jaxb/txw2/2.3.6/txw2-2.3.6.jar:/Users/salesken/.m2/repository/com/sun/istack/istack-commons-runtime/3.0.12/istack-commons-runtime-3.0.12.jar:/Users/salesken/.m2/repository/com/sun/activation/jakarta.activation/1.2.2/jakarta.activation-1.2.2.jar:/Users/salesken/.m2/repository/org/springframework/data/spring-data-jpa/2.7.0/spring-data-jpa-2.7.0.jar:/Users/salesken/.m2/repository/org/springframework/spring-orm/5.3.20/spring-orm-5.3.20.jar:/Users/salesken/.m2/repository/org/springframework/spring-aspects/5.3.20/spring-aspects-5.3.20.jar:"/>
    <property name="java.vm.vendor" value="Oracle Corporation"/>
    <property name="sun.arch.data.model" value="64"/>
    <property name="java.vendor.url" value="https://java.oracle.com/"/>
    <property name="os.name" value="Mac OS X"/>
    <property name="java.vm.specification.version" value="17"/>
    <property name="sun.java.launcher" value="SUN_STANDARD"/>
    <property name="user.country" value="IN"/>
    <property name="sun.boot.library.path" value="/Library/Java/JavaVirtualMachines/jdk-17.0.5.jdk/Contents/Home/lib"/>
    <property name="sun.java.command" value="/Users/salesken/SaleskenProjects/tata-controller/target/surefire/surefirebooter17783891601591082699.jar /Users/salesken/SaleskenProjects/tata-controller/target/surefire 2023-03-02T20-44-09_650-jvmRun1 surefire15673621164844774315tmp surefire_018303230857915855072tmp"/>
    <property name="http.nonProxyHosts" value="local|*.local|169.254/16|*.169.254/16"/>
    <property name="jdk.debug" value="release"/>
    <property name="surefire.test.class.path" value="/Users/salesken/SaleskenProjects/tata-controller/target/test-classes:/Users/salesken/SaleskenProjects/tata-controller/target/classes:/Users/salesken/.m2/repository/org/springframework/boot/spring-boot-starter-web/2.7.0/spring-boot-starter-web-2.7.0.jar:/Users/salesken/.m2/repository/org/springframework/boot/spring-boot-starter/2.7.0/spring-boot-starter-2.7.0.jar:/Users/salesken/.m2/repository/org/springframework/boot/spring-boot/2.7.0/spring-boot-2.7.0.jar:/Users/salesken/.m2/repository/org/springframework/boot/spring-boot-autoconfigure/2.7.0/spring-boot-autoconfigure-2.7.0.jar:/Users/salesken/.m2/repository/org/springframework/boot/spring-boot-starter-logging/2.7.0/spring-boot-starter-logging-2.7.0.jar:/Users/salesken/.m2/repository/ch/qos/logback/logback-classic/1.2.11/logback-classic-1.2.11.jar:/Users/salesken/.m2/repository/ch/qos/logback/logback-core/1.2.11/logback-core-1.2.11.jar:/Users/salesken/.m2/repository/org/apache/logging/log4j/log4j-to-slf4j/2.17.2/log4j-to-slf4j-2.17.2.jar:/Users/salesken/.m2/repository/org/slf4j/jul-to-slf4j/1.7.36/jul-to-slf4j-1.7.36.jar:/Users/salesken/.m2/repository/jakarta/annotation/jakarta.annotation-api/1.3.5/jakarta.annotation-api-1.3.5.jar:/Users/salesken/.m2/repository/org/yaml/snakeyaml/1.30/snakeyaml-1.30.jar:/Users/salesken/.m2/repository/org/springframework/boot/spring-boot-starter-json/2.7.0/spring-boot-starter-json-2.7.0.jar:/Users/salesken/.m2/repository/com/fasterxml/jackson/datatype/jackson-datatype-jdk8/2.13.3/jackson-datatype-jdk8-2.13.3.jar:/Users/salesken/.m2/repository/com/fasterxml/jackson/datatype/jackson-datatype-jsr310/2.13.3/jackson-datatype-jsr310-2.13.3.jar:/Users/salesken/.m2/repository/com/fasterxml/jackson/module/jackson-module-parameter-names/2.13.3/jackson-module-parameter-names-2.13.3.jar:/Users/salesken/.m2/repository/org/springframework/boot/spring-boot-starter-tomcat/2.7.0/spring-boot-starter-tomcat-2.7.0.jar:/Users/salesken/.m2/repository/org/apache/tomcat/embed/tomcat-embed-core/9.0.63/tomcat-embed-core-9.0.63.jar:/Users/salesken/.m2/repository/org/apache/tomcat/embed/tomcat-embed-el/9.0.63/tomcat-embed-el-9.0.63.jar:/Users/salesken/.m2/repository/org/apache/tomcat/embed/tomcat-embed-websocket/9.0.63/tomcat-embed-websocket-9.0.63.jar:/Users/salesken/.m2/repository/org/springframework/spring-web/5.3.20/spring-web-5.3.20.jar:/Users/salesken/.m2/repository/org/springframework/spring-beans/5.3.20/spring-beans-5.3.20.jar:/Users/salesken/.m2/repository/org/springframework/spring-webmvc/5.3.20/spring-webmvc-5.3.20.jar:/Users/salesken/.m2/repository/org/springframework/spring-aop/5.3.20/spring-aop-5.3.20.jar:/Users/salesken/.m2/repository/org/springframework/spring-expression/5.3.20/spring-expression-5.3.20.jar:/Users/salesken/.m2/repository/com/google/code/gson/gson/2.9.0/gson-2.9.0.jar:/Users/salesken/.m2/repository/io/github/ari4java/ari4java/0.16.0/ari4java-0.16.0.jar:/Users/salesken/.m2/repository/com/fasterxml/jackson/core/jackson-core/2.13.3/jackson-core-2.13.3.jar:/Users/salesken/.m2/repository/com/fasterxml/jackson/core/jackson-annotations/2.13.3/jackson-annotations-2.13.3.jar:/Users/salesken/.m2/repository/io/netty/netty-all/4.1.77.Final/netty-all-4.1.77.Final.jar:/Users/salesken/.m2/repository/io/netty/netty-buffer/4.1.77.Final/netty-buffer-4.1.77.Final.jar:/Users/salesken/.m2/repository/io/netty/netty-codec/4.1.77.Final/netty-codec-4.1.77.Final.jar:/Users/salesken/.m2/repository/io/netty/netty-codec-dns/4.1.77.Final/netty-codec-dns-4.1.77.Final.jar:/Users/salesken/.m2/repository/io/netty/netty-codec-haproxy/4.1.77.Final/netty-codec-haproxy-4.1.77.Final.jar:/Users/salesken/.m2/repository/io/netty/netty-codec-http/4.1.77.Final/netty-codec-http-4.1.77.Final.jar:/Users/salesken/.m2/repository/io/netty/netty-codec-http2/4.1.77.Final/netty-codec-http2-4.1.77.Final.jar:/Users/salesken/.m2/repository/io/netty/netty-codec-memcache/4.1.77.Final/netty-codec-memcache-4.1.77.Final.jar:/Users/salesken/.m2/repository/io/netty/netty-codec-mqtt/4.1.77.Final/netty-codec-mqtt-4.1.77.Final.jar:/Users/salesken/.m2/repository/io/netty/netty-codec-redis/4.1.77.Final/netty-codec-redis-4.1.77.Final.jar:/Users/salesken/.m2/repository/io/netty/netty-codec-smtp/4.1.77.Final/netty-codec-smtp-4.1.77.Final.jar:/Users/salesken/.m2/repository/io/netty/netty-codec-socks/4.1.77.Final/netty-codec-socks-4.1.77.Final.jar:/Users/salesken/.m2/repository/io/netty/netty-codec-stomp/4.1.77.Final/netty-codec-stomp-4.1.77.Final.jar:/Users/salesken/.m2/repository/io/netty/netty-codec-xml/4.1.77.Final/netty-codec-xml-4.1.77.Final.jar:/Users/salesken/.m2/repository/io/netty/netty-common/4.1.77.Final/netty-common-4.1.77.Final.jar:/Users/salesken/.m2/repository/io/netty/netty-handler/4.1.77.Final/netty-handler-4.1.77.Final.jar:/Users/salesken/.m2/repository/io/netty/netty-handler-proxy/4.1.77.Final/netty-handler-proxy-4.1.77.Final.jar:/Users/salesken/.m2/repository/io/netty/netty-resolver/4.1.77.Final/netty-resolver-4.1.77.Final.jar:/Users/salesken/.m2/repository/io/netty/netty-resolver-dns/4.1.77.Final/netty-resolver-dns-4.1.77.Final.jar:/Users/salesken/.m2/repository/io/netty/netty-transport/4.1.77.Final/netty-transport-4.1.77.Final.jar:/Users/salesken/.m2/repository/io/netty/netty-transport-rxtx/4.1.77.Final/netty-transport-rxtx-4.1.77.Final.jar:/Users/salesken/.m2/repository/io/netty/netty-transport-sctp/4.1.77.Final/netty-transport-sctp-4.1.77.Final.jar:/Users/salesken/.m2/repository/io/netty/netty-transport-udt/4.1.77.Final/netty-transport-udt-4.1.77.Final.jar:/Users/salesken/.m2/repository/io/netty/netty-transport-classes-epoll/4.1.77.Final/netty-transport-classes-epoll-4.1.77.Final.jar:/Users/salesken/.m2/repository/io/netty/netty-transport-native-unix-common/4.1.77.Final/netty-transport-native-unix-common-4.1.77.Final.jar:/Users/salesken/.m2/repository/io/netty/netty-transport-classes-kqueue/4.1.77.Final/netty-transport-classes-kqueue-4.1.77.Final.jar:/Users/salesken/.m2/repository/io/netty/netty-resolver-dns-classes-macos/4.1.77.Final/netty-resolver-dns-classes-macos-4.1.77.Final.jar:/Users/salesken/.m2/repository/io/netty/netty-transport-native-epoll/4.1.77.Final/netty-transport-native-epoll-4.1.77.Final-linux-x86_64.jar:/Users/salesken/.m2/repository/io/netty/netty-transport-native-epoll/4.1.77.Final/netty-transport-native-epoll-4.1.77.Final-linux-aarch_64.jar:/Users/salesken/.m2/repository/io/netty/netty-transport-native-kqueue/4.1.77.Final/netty-transport-native-kqueue-4.1.77.Final-osx-x86_64.jar:/Users/salesken/.m2/repository/io/netty/netty-transport-native-kqueue/4.1.77.Final/netty-transport-native-kqueue-4.1.77.Final-osx-aarch_64.jar:/Users/salesken/.m2/repository/io/netty/netty-resolver-dns-native-macos/4.1.77.Final/netty-resolver-dns-native-macos-4.1.77.Final-osx-x86_64.jar:/Users/salesken/.m2/repository/io/netty/netty-resolver-dns-native-macos/4.1.77.Final/netty-resolver-dns-native-macos-4.1.77.Final-osx-aarch_64.jar:/Users/salesken/.m2/repository/javax/xml/bind/jaxb-api/2.3.1/jaxb-api-2.3.1.jar:/Users/salesken/.m2/repository/javax/activation/javax.activation-api/1.2.0/javax.activation-api-1.2.0.jar:/Users/salesken/.m2/repository/org/slf4j/slf4j-api/1.7.36/slf4j-api-1.7.36.jar:/Users/salesken/.m2/repository/com/google/guava/guava/31.0.1-jre/guava-31.0.1-jre.jar:/Users/salesken/.m2/repository/com/google/guava/failureaccess/1.0.1/failureaccess-1.0.1.jar:/Users/salesken/.m2/repository/com/google/guava/listenablefuture/9999.0-empty-to-avoid-conflict-with-guava/listenablefuture-9999.0-empty-to-avoid-conflict-with-guava.jar:/Users/salesken/.m2/repository/com/google/code/findbugs/jsr305/3.0.2/jsr305-3.0.2.jar:/Users/salesken/.m2/repository/org/checkerframework/checker-qual/3.12.0/checker-qual-3.12.0.jar:/Users/salesken/.m2/repository/com/google/errorprone/error_prone_annotations/2.7.1/error_prone_annotations-2.7.1.jar:/Users/salesken/.m2/repository/com/google/j2objc/j2objc-annotations/1.3/j2objc-annotations-1.3.jar:/Users/salesken/.m2/repository/org/springframework/statemachine/spring-statemachine-core/2.2.3.RELEASE/spring-statemachine-core-2.2.3.RELEASE.jar:/Users/salesken/.m2/repository/org/springframework/spring-tx/5.3.20/spring-tx-5.3.20.jar:/Users/salesken/.m2/repository/org/springframework/spring-messaging/5.3.20/spring-messaging-5.3.20.jar:/Users/salesken/.m2/repository/org/projectlombok/lombok/1.18.24/lombok-1.18.24.jar:/Users/salesken/.m2/repository/org/springframework/boot/spring-boot-starter-test/2.7.0/spring-boot-starter-test-2.7.0.jar:/Users/salesken/.m2/repository/org/springframework/boot/spring-boot-test/2.7.0/spring-boot-test-2.7.0.jar:/Users/salesken/.m2/repository/org/springframework/boot/spring-boot-test-autoconfigure/2.7.0/spring-boot-test-autoconfigure-2.7.0.jar:/Users/salesken/.m2/repository/com/jayway/jsonpath/json-path/2.7.0/json-path-2.7.0.jar:/Users/salesken/.m2/repository/net/minidev/json-smart/2.4.8/json-smart-2.4.8.jar:/Users/salesken/.m2/repository/net/minidev/accessors-smart/2.4.8/accessors-smart-2.4.8.jar:/Users/salesken/.m2/repository/org/ow2/asm/asm/9.1/asm-9.1.jar:/Users/salesken/.m2/repository/jakarta/xml/bind/jakarta.xml.bind-api/2.3.3/jakarta.xml.bind-api-2.3.3.jar:/Users/salesken/.m2/repository/jakarta/activation/jakarta.activation-api/1.2.2/jakarta.activation-api-1.2.2.jar:/Users/salesken/.m2/repository/org/assertj/assertj-core/3.22.0/assertj-core-3.22.0.jar:/Users/salesken/.m2/repository/org/hamcrest/hamcrest/2.2/hamcrest-2.2.jar:/Users/salesken/.m2/repository/org/junit/jupiter/junit-jupiter/5.8.2/junit-jupiter-5.8.2.jar:/Users/salesken/.m2/repository/org/junit/jupiter/junit-jupiter-api/5.8.2/junit-jupiter-api-5.8.2.jar:/Users/salesken/.m2/repository/org/opentest4j/opentest4j/1.2.0/opentest4j-1.2.0.jar:/Users/salesken/.m2/repository/org/junit/platform/junit-platform-commons/1.8.2/junit-platform-commons-1.8.2.jar:/Users/salesken/.m2/repository/org/apiguardian/apiguardian-api/1.1.2/apiguardian-api-1.1.2.jar:/Users/salesken/.m2/repository/org/junit/jupiter/junit-jupiter-params/5.8.2/junit-jupiter-params-5.8.2.jar:/Users/salesken/.m2/repository/org/junit/jupiter/junit-jupiter-engine/5.8.2/junit-jupiter-engine-5.8.2.jar:/Users/salesken/.m2/repository/org/junit/platform/junit-platform-engine/1.8.2/junit-platform-engine-1.8.2.jar:/Users/salesken/.m2/repository/org/mockito/mockito-core/4.5.1/mockito-core-4.5.1.jar:/Users/salesken/.m2/repository/net/bytebuddy/byte-buddy/1.12.10/byte-buddy-1.12.10.jar:/Users/salesken/.m2/repository/net/bytebuddy/byte-buddy-agent/1.12.10/byte-buddy-agent-1.12.10.jar:/Users/salesken/.m2/repository/org/objenesis/objenesis/3.2/objenesis-3.2.jar:/Users/salesken/.m2/repository/org/mockito/mockito-junit-jupiter/4.5.1/mockito-junit-jupiter-4.5.1.jar:/Users/salesken/.m2/repository/org/skyscreamer/jsonassert/1.5.0/jsonassert-1.5.0.jar:/Users/salesken/.m2/repository/com/vaadin/external/google/android-json/0.0.20131108.vaadin1/android-json-0.0.20131108.vaadin1.jar:/Users/salesken/.m2/repository/org/springframework/spring-core/5.3.20/spring-core-5.3.20.jar:/Users/salesken/.m2/repository/org/springframework/spring-jcl/5.3.20/spring-jcl-5.3.20.jar:/Users/salesken/.m2/repository/org/springframework/spring-test/5.3.20/spring-test-5.3.20.jar:/Users/salesken/.m2/repository/org/xmlunit/xmlunit-core/2.9.0/xmlunit-core-2.9.0.jar:/Users/salesken/.m2/repository/org/springframework/data/spring-data-elasticsearch/4.4.0/spring-data-elasticsearch-4.4.0.jar:/Users/salesken/.m2/repository/org/springframework/spring-context/5.3.20/spring-context-5.3.20.jar:/Users/salesken/.m2/repository/org/springframework/data/spring-data-commons/2.7.0/spring-data-commons-2.7.0.jar:/Users/salesken/.m2/repository/org/elasticsearch/client/elasticsearch-rest-high-level-client/7.17.3/elasticsearch-rest-high-level-client-7.17.3.jar:/Users/salesken/.m2/repository/org/elasticsearch/elasticsearch/7.17.3/elasticsearch-7.17.3.jar:/Users/salesken/.m2/repository/org/elasticsearch/elasticsearch-core/7.17.3/elasticsearch-core-7.17.3.jar:/Users/salesken/.m2/repository/org/elasticsearch/elasticsearch-secure-sm/7.17.3/elasticsearch-secure-sm-7.17.3.jar:/Users/salesken/.m2/repository/org/elasticsearch/elasticsearch-x-content/7.17.3/elasticsearch-x-content-7.17.3.jar:/Users/salesken/.m2/repository/com/fasterxml/jackson/dataformat/jackson-dataformat-smile/2.13.3/jackson-dataformat-smile-2.13.3.jar:/Users/salesken/.m2/repository/com/fasterxml/jackson/dataformat/jackson-dataformat-yaml/2.13.3/jackson-dataformat-yaml-2.13.3.jar:/Users/salesken/.m2/repository/com/fasterxml/jackson/dataformat/jackson-dataformat-cbor/2.13.3/jackson-dataformat-cbor-2.13.3.jar:/Users/salesken/.m2/repository/org/elasticsearch/elasticsearch-geo/7.17.3/elasticsearch-geo-7.17.3.jar:/Users/salesken/.m2/repository/org/elasticsearch/elasticsearch-lz4/7.17.3/elasticsearch-lz4-7.17.3.jar:/Users/salesken/.m2/repository/org/lz4/lz4-java/1.8.0/lz4-java-1.8.0.jar:/Users/salesken/.m2/repository/org/apache/lucene/lucene-core/8.11.1/lucene-core-8.11.1.jar:/Users/salesken/.m2/repository/org/apache/lucene/lucene-analyzers-common/8.11.1/lucene-analyzers-common-8.11.1.jar:/Users/salesken/.m2/repository/org/apache/lucene/lucene-backward-codecs/8.11.1/lucene-backward-codecs-8.11.1.jar:/Users/salesken/.m2/repository/org/apache/lucene/lucene-grouping/8.11.1/lucene-grouping-8.11.1.jar:/Users/salesken/.m2/repository/org/apache/lucene/lucene-highlighter/8.11.1/lucene-highlighter-8.11.1.jar:/Users/salesken/.m2/repository/org/apache/lucene/lucene-join/8.11.1/lucene-join-8.11.1.jar:/Users/salesken/.m2/repository/org/apache/lucene/lucene-memory/8.11.1/lucene-memory-8.11.1.jar:/Users/salesken/.m2/repository/org/apache/lucene/lucene-misc/8.11.1/lucene-misc-8.11.1.jar:/Users/salesken/.m2/repository/org/apache/lucene/lucene-queries/8.11.1/lucene-queries-8.11.1.jar:/Users/salesken/.m2/repository/org/apache/lucene/lucene-queryparser/8.11.1/lucene-queryparser-8.11.1.jar:/Users/salesken/.m2/repository/org/apache/lucene/lucene-sandbox/8.11.1/lucene-sandbox-8.11.1.jar:/Users/salesken/.m2/repository/org/apache/lucene/lucene-spatial3d/8.11.1/lucene-spatial3d-8.11.1.jar:/Users/salesken/.m2/repository/org/apache/lucene/lucene-suggest/8.11.1/lucene-suggest-8.11.1.jar:/Users/salesken/.m2/repository/org/elasticsearch/elasticsearch-cli/7.17.3/elasticsearch-cli-7.17.3.jar:/Users/salesken/.m2/repository/net/sf/jopt-simple/jopt-simple/5.0.2/jopt-simple-5.0.2.jar:/Users/salesken/.m2/repository/com/carrotsearch/hppc/0.8.1/hppc-0.8.1.jar:/Users/salesken/.m2/repository/joda-time/joda-time/2.10.10/joda-time-2.10.10.jar:/Users/salesken/.m2/repository/com/tdunning/t-digest/3.2/t-digest-3.2.jar:/Users/salesken/.m2/repository/org/hdrhistogram/HdrHistogram/2.1.9/HdrHistogram-2.1.9.jar:/Users/salesken/.m2/repository/org/apache/logging/log4j/log4j-api/2.17.2/log4j-api-2.17.2.jar:/Users/salesken/.m2/repository/net/java/dev/jna/jna/5.10.0/jna-5.10.0.jar:/Users/salesken/.m2/repository/org/elasticsearch/elasticsearch-plugin-classloader/7.17.3/elasticsearch-plugin-classloader-7.17.3.jar:/Users/salesken/.m2/repository/org/elasticsearch/plugin/mapper-extras-client/7.17.3/mapper-extras-client-7.17.3.jar:/Users/salesken/.m2/repository/org/elasticsearch/plugin/parent-join-client/7.17.3/parent-join-client-7.17.3.jar:/Users/salesken/.m2/repository/org/elasticsearch/plugin/aggs-matrix-stats-client/7.17.3/aggs-matrix-stats-client-7.17.3.jar:/Users/salesken/.m2/repository/org/elasticsearch/plugin/rank-eval-client/7.17.3/rank-eval-client-7.17.3.jar:/Users/salesken/.m2/repository/org/elasticsearch/plugin/lang-mustache-client/7.17.3/lang-mustache-client-7.17.3.jar:/Users/salesken/.m2/repository/com/github/spullara/mustache/java/compiler/0.9.6/compiler-0.9.6.jar:/Users/salesken/.m2/repository/co/elastic/clients/elasticsearch-java/7.17.3/elasticsearch-java-7.17.3.jar:/Users/salesken/.m2/repository/jakarta/json/jakarta.json-api/1.1.6/jakarta.json-api-1.1.6.jar:/Users/salesken/.m2/repository/org/eclipse/parsson/parsson/1.0.0/parsson-1.0.0.jar:/Users/salesken/.m2/repository/org/elasticsearch/client/elasticsearch-rest-client/7.17.3/elasticsearch-rest-client-7.17.3.jar:/Users/salesken/.m2/repository/org/apache/httpcomponents/httpclient/4.5.13/httpclient-4.5.13.jar:/Users/salesken/.m2/repository/org/apache/httpcomponents/httpcore/4.4.15/httpcore-4.4.15.jar:/Users/salesken/.m2/repository/org/apache/httpcomponents/httpasyncclient/4.1.5/httpasyncclient-4.1.5.jar:/Users/salesken/.m2/repository/org/apache/httpcomponents/httpcore-nio/4.4.15/httpcore-nio-4.4.15.jar:/Users/salesken/.m2/repository/commons-codec/commons-codec/1.15/commons-codec-1.15.jar:/Users/salesken/.m2/repository/com/fasterxml/jackson/core/jackson-databind/2.12.3/jackson-databind-2.12.3.jar:/Users/salesken/.m2/repository/org/springframework/boot/spring-boot-starter-data-jdbc/2.7.0/spring-boot-starter-data-jdbc-2.7.0.jar:/Users/salesken/.m2/repository/org/springframework/boot/spring-boot-starter-jdbc/2.7.0/spring-boot-starter-jdbc-2.7.0.jar:/Users/salesken/.m2/repository/com/zaxxer/HikariCP/4.0.3/HikariCP-4.0.3.jar:/Users/salesken/.m2/repository/org/springframework/spring-jdbc/5.3.20/spring-jdbc-5.3.20.jar:/Users/salesken/.m2/repository/org/springframework/data/spring-data-jdbc/2.4.0/spring-data-jdbc-2.4.0.jar:/Users/salesken/.m2/repository/org/springframework/data/spring-data-relational/2.4.0/spring-data-relational-2.4.0.jar:/Users/salesken/.m2/repository/org/postgresql/postgresql/42.3.5/postgresql-42.3.5.jar:/Users/salesken/.m2/repository/org/springframework/boot/spring-boot-starter-data-jpa/2.7.0/spring-boot-starter-data-jpa-2.7.0.jar:/Users/salesken/.m2/repository/org/springframework/boot/spring-boot-starter-aop/2.7.0/spring-boot-starter-aop-2.7.0.jar:/Users/salesken/.m2/repository/org/aspectj/aspectjweaver/1.9.7/aspectjweaver-1.9.7.jar:/Users/salesken/.m2/repository/jakarta/transaction/jakarta.transaction-api/1.3.3/jakarta.transaction-api-1.3.3.jar:/Users/salesken/.m2/repository/jakarta/persistence/jakarta.persistence-api/2.2.3/jakarta.persistence-api-2.2.3.jar:/Users/salesken/.m2/repository/org/hibernate/hibernate-core/5.6.9.Final/hibernate-core-5.6.9.Final.jar:/Users/salesken/.m2/repository/org/jboss/logging/jboss-logging/3.4.3.Final/jboss-logging-3.4.3.Final.jar:/Users/salesken/.m2/repository/antlr/antlr/2.7.7/antlr-2.7.7.jar:/Users/salesken/.m2/repository/org/jboss/jandex/2.4.2.Final/jandex-2.4.2.Final.jar:/Users/salesken/.m2/repository/com/fasterxml/classmate/1.5.1/classmate-1.5.1.jar:/Users/salesken/.m2/repository/org/hibernate/common/hibernate-commons-annotations/5.1.2.Final/hibernate-commons-annotations-5.1.2.Final.jar:/Users/salesken/.m2/repository/org/glassfish/jaxb/jaxb-runtime/2.3.6/jaxb-runtime-2.3.6.jar:/Users/salesken/.m2/repository/org/glassfish/jaxb/txw2/2.3.6/txw2-2.3.6.jar:/Users/salesken/.m2/repository/com/sun/istack/istack-commons-runtime/3.0.12/istack-commons-runtime-3.0.12.jar:/Users/salesken/.m2/repository/com/sun/activation/jakarta.activation/1.2.2/jakarta.activation-1.2.2.jar:/Users/salesken/.m2/repository/org/springframework/data/spring-data-jpa/2.7.0/spring-data-jpa-2.7.0.jar:/Users/salesken/.m2/repository/org/springframework/spring-orm/5.3.20/spring-orm-5.3.20.jar:/Users/salesken/.m2/repository/org/springframework/spring-aspects/5.3.20/spring-aspects-5.3.20.jar:"/>
    <property name="sun.cpu.endian" value="little"/>
    <property name="user.home" value="/Users/salesken"/>
    <property name="user.language" value="en"/>
    <property name="java.specification.vendor" value="Oracle Corporation"/>
    <property name="java.version.date" value="2022-10-18"/>
    <property name="java.home" value="/Library/Java/JavaVirtualMachines/jdk-17.0.5.jdk/Contents/Home"/>
    <property name="file.separator" value="/"/>
    <property name="basedir" value="/Users/salesken/SaleskenProjects/tata-controller"/>
    <property name="java.vm.compressedOopsMode" value="Zero based"/>
    <property name="line.separator" value="&#10;"/>
    <property name="java.specification.name" value="Java Platform API Specification"/>
    <property name="java.vm.specification.vendor" value="Oracle Corporation"/>
    <property name="surefire.real.class.path" value="/Users/salesken/SaleskenProjects/tata-controller/target/surefire/surefirebooter17783891601591082699.jar"/>
    <property name="sun.management.compiler" value="HotSpot 64-Bit Tiered Compilers"/>
    <property name="ftp.nonProxyHosts" value="local|*.local|169.254/16|*.169.254/16"/>
    <property name="java.runtime.version" value="17.0.5+9-LTS-191"/>
    <property name="user.name" value="salesken"/>
    <property name="path.separator" value=":"/>
    <property name="os.version" value="13.1"/>
    <property name="java.runtime.name" value="Java(TM) SE Runtime Environment"/>
    <property name="file.encoding" value="US-ASCII"/>
    <property name="java.vm.name" value="Java HotSpot(TM) 64-Bit Server VM"/>
    <property name="localRepository" value="/Users/salesken/.m2/repository"/>
    <property name="java.vendor.url.bug" value="https://bugreport.java.com/bugreport/"/>
    <property name="java.io.tmpdir" value="/var/folders/3j/bxp6r45s4t5c93flgrvj5w940000gn/T/"/>
    <property name="java.version" value="17.0.5"/>
    <property name="user.dir" value="/Users/salesken/SaleskenProjects/tata-controller"/>
    <property name="os.arch" value="aarch64"/>
    <property name="java.vm.specification.name" value="Java Virtual Machine Specification"/>
    <property name="native.encoding" value="US-ASCII"/>
    <property name="java.library.path" value="/Users/salesken/Library/Java/Extensions:/Library/Java/Extensions:/Network/Library/Java/Extensions:/System/Library/Java/Extensions:/usr/lib/java:."/>
    <property name="java.vm.info" value="mixed mode, sharing"/>
    <property name="java.vendor" value="Oracle Corporation"/>
    <property name="java.vm.version" value="17.0.5+9-LTS-191"/>
    <property name="sun.io.unicode.encoding" value="UnicodeBig"/>
    <property name="socksNonProxyHosts" value="local|*.local|169.254/16|*.169.254/16"/>
    <property name="java.class.version" value="61.0"/>
  </properties>
  <testcase name="contextLoads" classname="salesken.org.controller.ControllerApplicationTests" time="0.119"/>
</testsuite>